{"/Users/ACEBALLOS/Developer/App.Hotels/hotelsApp/assets/icons/down.png": {"path":"/Users/ACEBALLOS/Developer/App.Hotels/hotelsApp/assets/icons/down.png","statementMap":{"0":{"start":{"line":1,"column":0},"end":{"line":4,"column":6}}},"fnMap":{},"branchMap":{},"s":{"0":1},"f":{},"b":{},"_coverageSchema":"43e27e138ebf9cfc5966b082cf9a028302ed4184","hash":"a2f0bd0a6c140bf4176fa2e520d538a135d7fe45"}
,"/Users/ACEBALLOS/Developer/App.Hotels/hotelsApp/assets/icons/star-gold.png": {"path":"/Users/ACEBALLOS/Developer/App.Hotels/hotelsApp/assets/icons/star-gold.png","statementMap":{"0":{"start":{"line":1,"column":0},"end":{"line":4,"column":6}}},"fnMap":{},"branchMap":{},"s":{"0":1},"f":{},"b":{},"_coverageSchema":"43e27e138ebf9cfc5966b082cf9a028302ed4184","hash":"3f8ccd16f66ee4c691cf7d0a0b2689c09a5d4246"}
,"/Users/ACEBALLOS/Developer/App.Hotels/hotelsApp/src/components/Button.js": {"path":"/Users/ACEBALLOS/Developer/App.Hotels/hotelsApp/src/components/Button.js","statementMap":{"0":{"start":{"line":4,"column":29},"end":{"line":14,"column":1}},"1":{"start":{"line":5,"column":4},"end":{"line":13,"column":5}},"2":{"start":{"line":10,"column":23},"end":{"line":10,"column":36}},"3":{"start":{"line":16,"column":30},"end":{"line":25,"column":1}},"4":{"start":{"line":17,"column":4},"end":{"line":24,"column":5}},"5":{"start":{"line":19,"column":23},"end":{"line":19,"column":45}},"6":{"start":{"line":27,"column":15},"end":{"line":52,"column":2}}},"fnMap":{"0":{"name":"(anonymous_0)","decl":{"start":{"line":4,"column":29},"end":{"line":4,"column":30}},"loc":{"start":{"line":4,"column":40},"end":{"line":14,"column":1}},"line":4},"1":{"name":"(anonymous_1)","decl":{"start":{"line":10,"column":17},"end":{"line":10,"column":18}},"loc":{"start":{"line":10,"column":21},"end":{"line":10,"column":37}},"line":10},"2":{"name":"(anonymous_2)","decl":{"start":{"line":16,"column":30},"end":{"line":16,"column":31}},"loc":{"start":{"line":16,"column":41},"end":{"line":25,"column":1}},"line":16},"3":{"name":"(anonymous_3)","decl":{"start":{"line":19,"column":17},"end":{"line":19,"column":18}},"loc":{"start":{"line":19,"column":21},"end":{"line":19,"column":46}},"line":19}},"branchMap":{"0":{"loc":{"start":{"line":7,"column":24},"end":{"line":7,"column":47}},"type":"cond-expr","locations":[{"start":{"line":7,"column":40},"end":{"line":7,"column":41}},{"start":{"line":7,"column":44},"end":{"line":7,"column":47}}],"line":7},"1":{"loc":{"start":{"line":9,"column":70},"end":{"line":9,"column":101}},"type":"cond-expr","locations":[{"start":{"line":9,"column":84},"end":{"line":9,"column":95}},{"start":{"line":9,"column":98},"end":{"line":9,"column":101}}],"line":9}},"s":{"0":2,"1":1,"2":0,"3":2,"4":1,"5":0,"6":2},"f":{"0":1,"1":0,"2":1,"3":0},"b":{"0":[0,1],"1":[0,1]},"_coverageSchema":"43e27e138ebf9cfc5966b082cf9a028302ed4184","hash":"b86fb4501571f600ba432b59d76a562d19465b26"}
,"/Users/ACEBALLOS/Developer/App.Hotels/hotelsApp/src/components/LoadingSmall.js": {"path":"/Users/ACEBALLOS/Developer/App.Hotels/hotelsApp/src/components/LoadingSmall.js","statementMap":{"0":{"start":{"line":4,"column":28},"end":{"line":18,"column":1}},"1":{"start":{"line":5,"column":4},"end":{"line":17,"column":5}},"2":{"start":{"line":20,"column":15},"end":{"line":37,"column":2}}},"fnMap":{"0":{"name":"(anonymous_0)","decl":{"start":{"line":4,"column":28},"end":{"line":4,"column":29}},"loc":{"start":{"line":4,"column":34},"end":{"line":18,"column":1}},"line":4}},"branchMap":{},"s":{"0":2,"1":1,"2":2},"f":{"0":1},"b":{},"_coverageSchema":"43e27e138ebf9cfc5966b082cf9a028302ed4184","hash":"5e55aaf68407e0976c7c9584ec3d3e30a8e002d8"}
,"/Users/ACEBALLOS/Developer/App.Hotels/hotelsApp/src/components/StarRating.js": {"path":"/Users/ACEBALLOS/Developer/App.Hotels/hotelsApp/src/components/StarRating.js","statementMap":{"0":{"start":{"line":10,"column":22},"end":{"line":10,"column":40}},"1":{"start":{"line":11,"column":20},"end":{"line":11,"column":22}},"2":{"start":{"line":13,"column":8},"end":{"line":20,"column":9}},"3":{"start":{"line":13,"column":21},"end":{"line":13,"column":22}},"4":{"start":{"line":14,"column":14},"end":{"line":14,"column":57}},"5":{"start":{"line":15,"column":3},"end":{"line":17,"column":4}},"6":{"start":{"line":16,"column":4},"end":{"line":16,"column":56}},"7":{"start":{"line":19,"column":3},"end":{"line":19,"column":70}},"8":{"start":{"line":22,"column":2},"end":{"line":26,"column":4}},"9":{"start":{"line":30,"column":15},"end":{"line":39,"column":2}}},"fnMap":{"0":{"name":"(anonymous_0)","decl":{"start":{"line":9,"column":1},"end":{"line":9,"column":2}},"loc":{"start":{"line":9,"column":10},"end":{"line":27,"column":2}},"line":9}},"branchMap":{"0":{"loc":{"start":{"line":15,"column":3},"end":{"line":17,"column":4}},"type":"if","locations":[{"start":{"line":15,"column":3},"end":{"line":17,"column":4}},{"start":{"line":15,"column":3},"end":{"line":17,"column":4}}],"line":15}},"s":{"0":1,"1":1,"2":1,"3":1,"4":5,"5":5,"6":0,"7":5,"8":1,"9":1},"f":{"0":1},"b":{"0":[0,5]},"_coverageSchema":"43e27e138ebf9cfc5966b082cf9a028302ed4184","hash":"54dfcd6589f0c07292c13bfe56905b331bfd1aaa"}
,"/Users/ACEBALLOS/Developer/App.Hotels/hotelsApp/src/pages/Home/HomeScreen.js": {"path":"/Users/ACEBALLOS/Developer/App.Hotels/hotelsApp/src/pages/Home/HomeScreen.js","statementMap":{"0":{"start":{"line":15,"column":4},"end":{"line":15,"column":17}},"1":{"start":{"line":16,"column":4},"end":{"line":18,"column":6}},"2":{"start":{"line":20,"column":15},"end":{"line":22,"column":3}},"3":{"start":{"line":21,"column":6},"end":{"line":21,"column":37}},"4":{"start":{"line":24,"column":27},"end":{"line":24,"column":37}},"5":{"start":{"line":25,"column":4},"end":{"line":46,"column":6}},"6":{"start":{"line":34,"column":33},"end":{"line":34,"column":55}},"7":{"start":{"line":40,"column":16},"end":{"line":40,"column":80}},"8":{"start":{"line":50,"column":24},"end":{"line":51,"column":2}},"9":{"start":{"line":50,"column":34},"end":{"line":51,"column":1}},"10":{"start":{"line":53,"column":27},"end":{"line":62,"column":2}},"11":{"start":{"line":53,"column":40},"end":{"line":62,"column":1}},"12":{"start":{"line":55,"column":4},"end":{"line":55,"column":33}},"13":{"start":{"line":56,"column":4},"end":{"line":56,"column":34}},"14":{"start":{"line":57,"column":20},"end":{"line":57,"column":26}},"15":{"start":{"line":58,"column":16},"end":{"line":58,"column":20}},"16":{"start":{"line":59,"column":4},"end":{"line":59,"column":58}},"17":{"start":{"line":60,"column":4},"end":{"line":60,"column":33}}},"fnMap":{"0":{"name":"(anonymous_0)","decl":{"start":{"line":14,"column":2},"end":{"line":14,"column":3}},"loc":{"start":{"line":14,"column":21},"end":{"line":19,"column":1}},"line":14},"1":{"name":"(anonymous_1)","decl":{"start":{"line":20,"column":15},"end":{"line":20,"column":16}},"loc":{"start":{"line":20,"column":22},"end":{"line":22,"column":3}},"line":20},"2":{"name":"(anonymous_2)","decl":{"start":{"line":23,"column":2},"end":{"line":23,"column":3}},"loc":{"start":{"line":23,"column":10},"end":{"line":47,"column":3}},"line":23},"3":{"name":"(anonymous_3)","decl":{"start":{"line":34,"column":24},"end":{"line":34,"column":25}},"loc":{"start":{"line":34,"column":33},"end":{"line":34,"column":55}},"line":34},"4":{"name":"(anonymous_4)","decl":{"start":{"line":39,"column":19},"end":{"line":39,"column":20}},"loc":{"start":{"line":39,"column":25},"end":{"line":41,"column":13}},"line":39},"5":{"name":"(anonymous_5)","decl":{"start":{"line":50,"column":24},"end":{"line":50,"column":25}},"loc":{"start":{"line":50,"column":34},"end":{"line":51,"column":1}},"line":50},"6":{"name":"(anonymous_6)","decl":{"start":{"line":53,"column":27},"end":{"line":53,"column":28}},"loc":{"start":{"line":53,"column":40},"end":{"line":62,"column":1}},"line":53},"7":{"name":"(anonymous_7)","decl":{"start":{"line":54,"column":21},"end":{"line":54,"column":22}},"loc":{"start":{"line":54,"column":43},"end":{"line":61,"column":3}},"line":54}},"branchMap":{},"s":{"0":0,"1":0,"2":0,"3":0,"4":0,"5":0,"6":0,"7":0,"8":1,"9":0,"10":1,"11":0,"12":0,"13":0,"14":0,"15":0,"16":0,"17":0},"f":{"0":0,"1":0,"2":0,"3":0,"4":0,"5":0,"6":0,"7":0},"b":{},"_coverageSchema":"43e27e138ebf9cfc5966b082cf9a028302ed4184","hash":"18a9094b8f28532de2290d6e27f9c202cdc04cf5"}
,"/Users/ACEBALLOS/Developer/App.Hotels/hotelsApp/src/pages/Home/Styles.js": {"path":"/Users/ACEBALLOS/Developer/App.Hotels/hotelsApp/src/pages/Home/Styles.js","statementMap":{"0":{"start":{"line":3,"column":18},"end":{"line":3,"column":48}},"1":{"start":{"line":5,"column":25},"end":{"line":7,"column":1}},"2":{"start":{"line":6,"column":4},"end":{"line":6,"column":35}}},"fnMap":{"0":{"name":"(anonymous_0)","decl":{"start":{"line":5,"column":25},"end":{"line":5,"column":26}},"loc":{"start":{"line":5,"column":35},"end":{"line":7,"column":1}},"line":5}},"branchMap":{},"s":{"0":1,"1":1,"2":1},"f":{"0":1},"b":{},"_coverageSchema":"43e27e138ebf9cfc5966b082cf9a028302ed4184","hash":"e816c199e6bc9c787e5cfbb3ba427cbca7ce5b5f"}
,"/Users/ACEBALLOS/Developer/App.Hotels/hotelsApp/src/services/Api.js": {"path":"/Users/ACEBALLOS/Developer/App.Hotels/hotelsApp/src/services/Api.js","statementMap":{"0":{"start":{"line":3,"column":19},"end":{"line":14,"column":1}},"1":{"start":{"line":4,"column":4},"end":{"line":13,"column":6}},"2":{"start":{"line":10,"column":24},"end":{"line":10,"column":39}},"3":{"start":{"line":12,"column":6},"end":{"line":12,"column":26}}},"fnMap":{"0":{"name":"(anonymous_0)","decl":{"start":{"line":3,"column":19},"end":{"line":3,"column":20}},"loc":{"start":{"line":3,"column":29},"end":{"line":14,"column":1}},"line":3},"1":{"name":"(anonymous_1)","decl":{"start":{"line":10,"column":10},"end":{"line":10,"column":11}},"loc":{"start":{"line":10,"column":24},"end":{"line":10,"column":39}},"line":10},"2":{"name":"(anonymous_2)","decl":{"start":{"line":11,"column":10},"end":{"line":11,"column":11}},"loc":{"start":{"line":11,"column":28},"end":{"line":13,"column":5}},"line":11}},"branchMap":{},"s":{"0":1,"1":1,"2":0,"3":0},"f":{"0":1,"1":0,"2":0},"b":{},"_coverageSchema":"43e27e138ebf9cfc5966b082cf9a028302ed4184","hash":"4743a9baa5fb59ac45b255df2f1f3bd191e98c80"}
,"/Users/ACEBALLOS/Developer/App.Hotels/hotelsApp/src/services/dataUrl.js": {"path":"/Users/ACEBALLOS/Developer/App.Hotels/hotelsApp/src/services/dataUrl.js","statementMap":{"0":{"start":{"line":2,"column":26},"end":{"line":2,"column":58}}},"fnMap":{},"branchMap":{},"s":{"0":1},"f":{},"b":{},"_coverageSchema":"43e27e138ebf9cfc5966b082cf9a028302ed4184","hash":"65fe8263a19c6334fa6b7be8bdbfdb69db066185"}
,"/Users/ACEBALLOS/Developer/App.Hotels/hotelsApp/src/store/CONSTANSTS.js": {"path":"/Users/ACEBALLOS/Developer/App.Hotels/hotelsApp/src/store/CONSTANSTS.js","statementMap":{"0":{"start":{"line":1,"column":18},"end":{"line":11,"column":1}}},"fnMap":{},"branchMap":{},"s":{"0":4},"f":{},"b":{},"_coverageSchema":"43e27e138ebf9cfc5966b082cf9a028302ed4184","hash":"f0242c1145b490902a425ed99a9429e226f8e08c"}
,"/Users/ACEBALLOS/Developer/App.Hotels/hotelsApp/src/store/actions/ActionApp.js": {"path":"/Users/ACEBALLOS/Developer/App.Hotels/hotelsApp/src/store/actions/ActionApp.js","statementMap":{"0":{"start":{"line":3,"column":32},"end":{"line":5,"column":2}},"1":{"start":{"line":3,"column":39},"end":{"line":5,"column":1}},"2":{"start":{"line":7,"column":33},"end":{"line":9,"column":2}},"3":{"start":{"line":7,"column":40},"end":{"line":9,"column":1}},"4":{"start":{"line":11,"column":29},"end":{"line":14,"column":2}},"5":{"start":{"line":11,"column":40},"end":{"line":14,"column":1}}},"fnMap":{"0":{"name":"(anonymous_0)","decl":{"start":{"line":3,"column":32},"end":{"line":3,"column":33}},"loc":{"start":{"line":3,"column":39},"end":{"line":5,"column":1}},"line":3},"1":{"name":"(anonymous_1)","decl":{"start":{"line":7,"column":33},"end":{"line":7,"column":34}},"loc":{"start":{"line":7,"column":40},"end":{"line":9,"column":1}},"line":7},"2":{"name":"(anonymous_2)","decl":{"start":{"line":11,"column":29},"end":{"line":11,"column":30}},"loc":{"start":{"line":11,"column":40},"end":{"line":14,"column":1}},"line":11}},"branchMap":{},"s":{"0":3,"1":1,"2":3,"3":1,"4":3,"5":1},"f":{"0":1,"1":1,"2":1},"b":{},"_coverageSchema":"43e27e138ebf9cfc5966b082cf9a028302ed4184","hash":"dac5fb6d83e2d4a83eb0934d0d61736038dcc7fd"}
,"/Users/ACEBALLOS/Developer/App.Hotels/hotelsApp/src/store/actions/ActionHotels.js": {"path":"/Users/ACEBALLOS/Developer/App.Hotels/hotelsApp/src/store/actions/ActionHotels.js","statementMap":{"0":{"start":{"line":3,"column":41},"end":{"line":6,"column":2}},"1":{"start":{"line":3,"column":64},"end":{"line":6,"column":1}},"2":{"start":{"line":8,"column":41},"end":{"line":11,"column":2}},"3":{"start":{"line":8,"column":54},"end":{"line":11,"column":1}},"4":{"start":{"line":13,"column":42},"end":{"line":16,"column":2}},"5":{"start":{"line":13,"column":54},"end":{"line":16,"column":1}}},"fnMap":{"0":{"name":"(anonymous_0)","decl":{"start":{"line":3,"column":41},"end":{"line":3,"column":42}},"loc":{"start":{"line":3,"column":64},"end":{"line":6,"column":1}},"line":3},"1":{"name":"(anonymous_1)","decl":{"start":{"line":8,"column":41},"end":{"line":8,"column":42}},"loc":{"start":{"line":8,"column":54},"end":{"line":11,"column":1}},"line":8},"2":{"name":"(anonymous_2)","decl":{"start":{"line":13,"column":42},"end":{"line":13,"column":43}},"loc":{"start":{"line":13,"column":54},"end":{"line":16,"column":1}},"line":13}},"branchMap":{},"s":{"0":2,"1":0,"2":2,"3":1,"4":2,"5":0},"f":{"0":0,"1":1,"2":0},"b":{},"_coverageSchema":"43e27e138ebf9cfc5966b082cf9a028302ed4184","hash":"2971298f1587f055f00a2bd25fa3786271a44c28"}
}
